{
  "RSpec": {
    "coverage": {
      "/Users/liormb/Sites/twendy/app/helpers/application_helper.rb": [
        1,
        null
      ],
      "/Users/liormb/Sites/twendy/app/helpers/countries_helper.rb": [
        1,
        null
      ],
      "/Users/liormb/Sites/twendy/app/controllers/countries_controller.rb": [
        1,
        null,
        1,
        4,
        null,
        4,
        4,
        8,
        null,
        null,
        null,
        1,
        2,
        2,
        null,
        2,
        2,
        4,
        null,
        null,
        null,
        null
      ],
      "/Users/liormb/Sites/twendy/app/controllers/application_controller.rb": [
        1,
        null,
        null,
        1,
        null
      ],
      "/Users/liormb/Sites/twendy/app/models/countries_trend.rb": [
        1,
        1,
        1,
        null,
        1,
        8,
        8,
        8,
        8,
        8,
        null,
        8,
        null,
        192,
        null,
        null,
        104,
        96,
        null,
        null,
        null,
        184,
        96,
        null,
        null,
        96,
        null,
        96,
        96,
        null,
        8,
        null,
        null,
        1,
        5,
        5,
        5,
        null,
        null,
        4,
        null,
        null,
        12,
        null,
        null,
        20,
        null,
        null,
        4,
        1,
        4,
        null,
        5,
        null,
        null,
        null,
        null,
        24,
        4,
        null,
        null,
        null
      ],
      "/Users/liormb/Sites/twendy/app/models/country.rb": [
        1,
        1,
        1,
        null,
        1,
        1,
        null,
        1,
        21,
        null,
        null
      ],
      "/Users/liormb/Sites/twendy/app/models/trend.rb": [
        1,
        1,
        1,
        null,
        1,
        null
      ]
    },
    "timestamp": 1395171910
  }
}
