{
  "RSpec": {
    "coverage": {
      "/Users/liormb/Sites/twendy/app/helpers/application_helper.rb": [
        1,
        null
      ],
      "/Users/liormb/Sites/twendy/app/helpers/countries_helper.rb": [
        1,
        null
      ],
      "/Users/liormb/Sites/twendy/app/controllers/countries_controller.rb": [
        1,
        null,
        1,
        4,
        null,
        4,
        4,
        8,
        null,
        null,
        null,
        1,
        2,
        2,
        null,
        2,
        2,
        4,
        null,
        null,
        null,
        null
      ],
      "/Users/liormb/Sites/twendy/app/controllers/application_controller.rb": [
        1,
        null,
        null,
        1,
        null
      ],
      "/Users/liormb/Sites/twendy/app/models/countries_trend.rb": [
        1,
        1,
        1,
        null,
        1,
        15,
        15,
        15,
        15,
        15,
        null,
        15,
        null,
        372,
        null,
        null,
        196,
        180,
        null,
        null,
        null,
        346,
        180,
        null,
        null,
        180,
        null,
        180,
        180,
        null,
        15,
        null,
        null,
        1,
        8,
        8,
        null,
        null,
        7,
        null,
        null,
        21,
        null,
        null,
        35,
        null,
        null,
        7,
        3,
        3,
        1,
        2,
        2,
        null,
        3,
        3,
        null,
        null,
        null,
        null,
        42,
        7,
        null,
        null,
        null
      ],
      "/Users/liormb/Sites/twendy/app/models/country.rb": [
        1,
        1,
        1,
        null,
        1,
        1,
        null,
        1,
        31,
        null,
        null
      ],
      "/Users/liormb/Sites/twendy/app/models/trend.rb": [
        1,
        1,
        1,
        null,
        1,
        null
      ]
    },
    "timestamp": 1396562946
  }
}
